<?xml version="1.0" encoding="UTF-8"?>
<!-- Generated by org.testng.reporters.JUnitXMLReporter -->
<testsuite hostname="Shreejits-MacBook-Pro.local" name="Default test" tests="20" failures="1" timestamp="9 Jun 2016 16:08:56 GMT" time="2.521" errors="0">
  <testcase name="executeRestfulTest" time="1.163" classname="com.ibmwatson.devopsservices.swaggertestasset.TestNGTests"/>
  <testcase name="executeRestfulTest" time="0.002" classname="com.ibmwatson.devopsservices.swaggertestasset.TestNGTests"/>
  <testcase name="executeRestfulTest" time="0.087" classname="com.ibmwatson.devopsservices.swaggertestasset.TestNGTests"/>
  <testcase name="executeRestfulTest" time="0.109" classname="com.ibmwatson.devopsservices.swaggertestasset.TestNGTests"/>
  <testcase name="executeRestfulTest" time="0.002" classname="com.ibmwatson.devopsservices.swaggertestasset.TestNGTests"/>
  <testcase name="executeRestfulTest" time="0.001" classname="com.ibmwatson.devopsservices.swaggertestasset.TestNGTests"/>
  <testcase name="executeRestfulTest" time="0.086" classname="com.ibmwatson.devopsservices.swaggertestasset.TestNGTests">
    <failure type="java.lang.AssertionError" message="1 expectation failed.
Expected status code &amp;lt;200&amp;gt; doesn&amp;apos;t match actual status code &amp;lt;404&amp;gt;.
">
      <![CDATA[java.lang.AssertionError: 1 expectation failed.
Expected status code <200> doesn't match actual status code <404>.

	at sun.reflect.NativeConstructorAccessorImpl.newInstance0(Native Method)
	at sun.reflect.NativeConstructorAccessorImpl.newInstance(NativeConstructorAccessorImpl.java:57)
	at sun.reflect.DelegatingConstructorAccessorImpl.newInstance(DelegatingConstructorAccessorImpl.java:45)
	at java.lang.reflect.Constructor.newInstance(Constructor.java:526)
	at org.codehaus.groovy.reflection.CachedConstructor.invoke(CachedConstructor.java:83)
	at org.codehaus.groovy.reflection.CachedConstructor.doConstructorInvoke(CachedConstructor.java:77)
	at org.codehaus.groovy.runtime.callsite.ConstructorSite$ConstructorSiteNoUnwrap.callConstructor(ConstructorSite.java:84)
	at org.codehaus.groovy.runtime.callsite.CallSiteArray.defaultCallConstructor(CallSiteArray.java:60)
	at org.codehaus.groovy.runtime.callsite.AbstractCallSite.callConstructor(AbstractCallSite.java:235)
	at org.codehaus.groovy.runtime.callsite.AbstractCallSite.callConstructor(AbstractCallSite.java:247)
	at com.jayway.restassured.internal.ResponseSpecificationImpl$HamcrestAssertionClosure.validate(ResponseSpecificationImpl.groovy:598)
	at com.jayway.restassured.internal.ResponseSpecificationImpl$HamcrestAssertionClosure$validate$1.call(Unknown Source)
	at com.jayway.restassured.internal.ResponseSpecificationImpl.validateResponseIfRequired(ResponseSpecificationImpl.groovy:760)
	at sun.reflect.NativeMethodAccessorImpl.invoke0(Native Method)
	at sun.reflect.NativeMethodAccessorImpl.invoke(NativeMethodAccessorImpl.java:57)
	at sun.reflect.DelegatingMethodAccessorImpl.invoke(DelegatingMethodAccessorImpl.java:43)
	at java.lang.reflect.Method.invoke(Method.java:606)
	at org.codehaus.groovy.runtime.callsite.PogoMetaMethodSite$PogoCachedMethodSiteNoUnwrapNoCoerce.invoke(PogoMetaMethodSite.java:210)
	at org.codehaus.groovy.runtime.callsite.PogoMetaMethodSite.callCurrent(PogoMetaMethodSite.java:59)
	at org.codehaus.groovy.runtime.callsite.AbstractCallSite.callCurrent(AbstractCallSite.java:166)
	at com.jayway.restassured.internal.ResponseSpecificationImpl.statusCode(ResponseSpecificationImpl.groovy:120)
	at com.jayway.restassured.specification.ResponseSpecification$statusCode$0.callCurrent(Unknown Source)
	at com.jayway.restassured.internal.ResponseSpecificationImpl.statusCode(ResponseSpecificationImpl.groovy:128)
	at com.jayway.restassured.internal.ValidatableResponseOptionsImpl.statusCode(ValidatableResponseOptionsImpl.java:117)
	at com.ibmwatson.devopsservices.swaggertestasset.TestNGTests.executeRestfulTest(TestNGTests.java:98)
	at sun.reflect.NativeMethodAccessorImpl.invoke0(Native Method)
	at sun.reflect.NativeMethodAccessorImpl.invoke(NativeMethodAccessorImpl.java:57)
	at sun.reflect.DelegatingMethodAccessorImpl.invoke(DelegatingMethodAccessorImpl.java:43)
	at java.lang.reflect.Method.invoke(Method.java:606)
	at org.testng.internal.MethodInvocationHelper.invokeMethod(MethodInvocationHelper.java:85)
	at org.testng.internal.Invoker.invokeMethod(Invoker.java:639)
	at org.testng.internal.Invoker.invokeTestMethod(Invoker.java:816)
	at org.testng.internal.Invoker.invokeTestMethods(Invoker.java:1124)
	at org.testng.internal.TestMethodWorker.invokeTestMethods(TestMethodWorker.java:125)
	at org.testng.internal.TestMethodWorker.run(TestMethodWorker.java:108)
	at org.testng.TestRunner.privateRun(TestRunner.java:774)
	at org.testng.TestRunner.run(TestRunner.java:624)
	at org.testng.SuiteRunner.runTest(SuiteRunner.java:359)
	at org.testng.SuiteRunner.runSequentially(SuiteRunner.java:354)
	at org.testng.SuiteRunner.privateRun(SuiteRunner.java:312)
	at org.testng.SuiteRunner.run(SuiteRunner.java:261)
	at org.testng.SuiteRunnerWorker.runSuite(SuiteRunnerWorker.java:52)
	at org.testng.SuiteRunnerWorker.run(SuiteRunnerWorker.java:86)
	at org.testng.TestNG.runSuitesSequentially(TestNG.java:1215)
	at org.testng.TestNG.runSuitesLocally(TestNG.java:1140)
	at org.testng.TestNG.run(TestNG.java:1048)
	at org.testng.remote.AbstractRemoteTestNG.run(AbstractRemoteTestNG.java:126)
	at org.testng.remote.RemoteTestNG.initAndRun(RemoteTestNG.java:137)
	at org.testng.remote.RemoteTestNG.main(RemoteTestNG.java:58)
]]>
    </failure>
  </testcase> <!-- executeRestfulTest -->
  <testcase name="executeRestfulTest" time="0.001" classname="com.ibmwatson.devopsservices.swaggertestasset.TestNGTests"/>
  <testcase name="executeRestfulTest" time="0.223" classname="com.ibmwatson.devopsservices.swaggertestasset.TestNGTests"/>
  <testcase name="executeRestfulTest" time="0.002" classname="com.ibmwatson.devopsservices.swaggertestasset.TestNGTests"/>
  <testcase name="executeRestfulTest" time="0.002" classname="com.ibmwatson.devopsservices.swaggertestasset.TestNGTests"/>
  <testcase name="executeRestfulTest" time="0.002" classname="com.ibmwatson.devopsservices.swaggertestasset.TestNGTests"/>
  <testcase name="executeRestfulTest" time="0.002" classname="com.ibmwatson.devopsservices.swaggertestasset.TestNGTests"/>
  <testcase name="executeRestfulTest" time="0.101" classname="com.ibmwatson.devopsservices.swaggertestasset.TestNGTests"/>
  <testcase name="executeRestfulTest" time="0.077" classname="com.ibmwatson.devopsservices.swaggertestasset.TestNGTests"/>
  <testcase name="executeRestfulTest" time="0.002" classname="com.ibmwatson.devopsservices.swaggertestasset.TestNGTests"/>
  <testcase name="executeRestfulTest" time="0.002" classname="com.ibmwatson.devopsservices.swaggertestasset.TestNGTests"/>
  <testcase name="executeRestfulTest" time="0.001" classname="com.ibmwatson.devopsservices.swaggertestasset.TestNGTests"/>
  <testcase name="executeRestfulTest" time="0.147" classname="com.ibmwatson.devopsservices.swaggertestasset.TestNGTests"/>
  <testcase name="executeRestfulTest" time="0.002" classname="com.ibmwatson.devopsservices.swaggertestasset.TestNGTests"/>
</testsuite> <!-- Default test -->
