<html>
<head>
<title>TestNG:  Default test</title>
<link href="../testng.css" rel="stylesheet" type="text/css" />
<link href="../my-testng.css" rel="stylesheet" type="text/css" />

<style type="text/css">
.log { display: none;} 
.stack-trace { display: none;} 
</style>
<script type="text/javascript">
<!--
function flip(e) {
  current = e.style.display;
  if (current == 'block') {
    e.style.display = 'none';
    return 0;
  }
  else {
    e.style.display = 'block';
    return 1;
  }
}

function toggleBox(szDivId, elem, msg1, msg2)
{
  var res = -1;  if (document.getElementById) {
    res = flip(document.getElementById(szDivId));
  }
  else if (document.all) {
    // this is the way old msie versions work
    res = flip(document.all[szDivId]);
  }
  if(elem) {
    if(res == 0) elem.innerHTML = msg1; else elem.innerHTML = msg2;
  }

}

function toggleAllBoxes() {
  if (document.getElementsByTagName) {
    d = document.getElementsByTagName('div');
    for (i = 0; i < d.length; i++) {
      if (d[i].className == 'log') {
        flip(d[i]);
      }
    }
  }
}

// -->
</script>

</head>
<body>
<h2 align='center'>Default test</h2><table border='1' align="center">
<tr>
<td>Tests passed/Failed/Skipped:</td><td>19/1/0</td>
</tr><tr>
<td>Started on:</td><td>Thu Jun 09 12:08:53 EDT 2016</td>
</tr>
<tr><td>Total time:</td><td>2 seconds (2521 ms)</td>
</tr><tr>
<td>Included groups:</td><td></td>
</tr><tr>
<td>Excluded groups:</td><td></td>
</tr>
</table><p/>
<small><i>(Hover the method name to see the test class name)</i></small><p/>
<table width='100%' border='1' class='invocation-failed'>
<tr><td colspan='4' align='center'><b>FAILED TESTS</b></td></tr>
<tr><td><b>Test method</b></td>
<td width="30%"><b>Exception</b></td>
<td width="10%"><b>Time (seconds)</b></td>
<td><b>Instance</b></td>
</tr>
<tr>
<td title='com.ibmwatson.devopsservices.swaggertestasset.TestNGTests.executeRestfulTest()'><b>executeRestfulTest</b><br>Test class: com.ibmwatson.devopsservices.swaggertestasset.TestNGTests<br>Parameters: /user/{username},get, {response={200=io.swagger.models.Response@32e0959f, 400=io.swagger.models.Response@932768de, 404=io.swagger.models.Response@9fe75e9f}, definition={Order=io.swagger.models.ModelImpl@c8f1681a, Category=io.swagger.models.ModelImpl@b4ea1f0d, User=io.swagger.models.ModelImpl@88e01c0c, Tag=io.swagger.models.ModelImpl@f293478d, Pet=io.swagger.models.ModelImpl@c030db03, ApiResponse=io.swagger.models.ModelImpl@199a16f}, baseURI=http://petstore.swagger.io/v2}</td>
<td><div><pre>java.lang.AssertionError: 1 expectation failed.
Expected status code &lt;200&gt; doesn&apos;t match actual status code &lt;404&gt;.

	at sun.reflect.NativeConstructorAccessorImpl.newInstance0(Native Method)
	at sun.reflect.NativeConstructorAccessorImpl.newInstance(NativeConstructorAccessorImpl.java:57)
	at sun.reflect.DelegatingConstructorAccessorImpl.newInstance(DelegatingConstructorAccessorImpl.java:45)
	at java.lang.reflect.Constructor.newInstance(Constructor.java:526)
	at org.codehaus.groovy.reflection.CachedConstructor.invoke(CachedConstructor.java:83)
	at org.codehaus.groovy.reflection.CachedConstructor.doConstructorInvoke(CachedConstructor.java:77)
	at org.codehaus.groovy.runtime.callsite.ConstructorSite$ConstructorSiteNoUnwrap.callConstructor(ConstructorSite.java:84)
	at org.codehaus.groovy.runtime.callsite.CallSiteArray.defaultCallConstructor(CallSiteArray.java:60)
	at org.codehaus.groovy.runtime.callsite.AbstractCallSite.callConstructor(AbstractCallSite.java:235)
	at org.codehaus.groovy.runtime.callsite.AbstractCallSite.callConstructor(AbstractCallSite.java:247)
	at com.jayway.restassured.internal.ResponseSpecificationImpl$HamcrestAssertionClosure.validate(ResponseSpecificationImpl.groovy:598)
	at com.jayway.restassured.internal.ResponseSpecificationImpl$HamcrestAssertionClosure$validate$1.call(Unknown Source)
	at com.jayway.restassured.internal.ResponseSpecificationImpl.validateResponseIfRequired(ResponseSpecificationImpl.groovy:760)
	at sun.reflect.NativeMethodAccessorImpl.invoke0(Native Method)
	at sun.reflect.NativeMethodAccessorImpl.invoke(NativeMethodAccessorImpl.java:57)
	at sun.reflect.DelegatingMethodAccessorImpl.invoke(DelegatingMethodAccessorImpl.java:43)
	at java.lang.reflect.Method.invoke(Method.java:606)
	at org.codehaus.groovy.runtime.callsite.PogoMetaMethodSite$PogoCachedMethodSiteNoUnwrapNoCoerce.invoke(PogoMetaMethodSite.java:210)
	at org.codehaus.groovy.runtime.callsite.PogoMetaMethodSite.callCurrent(PogoMetaMethodSite.java:59)
	at org.codehaus.groovy.runtime.callsite.AbstractCallSite.callCurrent(AbstractCallSite.java:166)
	at com.jayway.restassured.internal.ResponseSpecificationImpl.statusCode(ResponseSpecificationImpl.groovy:120)
	at com.jayway.restassured.specification.ResponseSpecification$statusCode$0.callCurrent(Unknown Source)
	at com.jayway.restassured.internal.ResponseSpecificationImpl.statusCode(ResponseSpecificationImpl.groovy:128)
	at com.jayway.restassured.internal.ValidatableResponseOptionsImpl.statusCode(ValidatableResponseOptionsImpl.java:117)
	at com.ibmwatson.devopsservices.swaggertestasset.TestNGTests.executeRestfulTest(TestNGTests.java:98)
	at sun.reflect.NativeMethodAccessorImpl.invoke0(Native Method)
	at sun.reflect.NativeMethodAccessorImpl.invoke(NativeMethodAccessorImpl.java:57)
	at sun.reflect.DelegatingMethodAccessorImpl.invoke(DelegatingMethodAccessorImpl.java:43)
	at java.lang.reflect.Method.invoke(Method.java:606)
	at org.testng.internal.MethodInvocationHelper.invokeMethod(MethodInvocationHelper.java:85)
	at org.testng.internal.Invoker.invokeMethod(Invoker.java:639)
	at org.testng.internal.Invoker.invokeTestMethod(Invoker.java:816)
	at org.testng.internal.Invoker.invokeTestMethods(Invoker.java:1124)
	at org.testng.internal.TestMethodWorker.invokeTestMethods(TestMethodWorker.java:125)
	at org.testng.internal.TestMethodWorker.run(TestMethodWorker.java:108)
	at org.testng.TestRunner.privateRun(TestRunner.java:774)
	at org.testng.TestRunner.run(TestRunner.java:624)
	at org.testng.SuiteRunner.runTest(SuiteRunner.java:359)
	at org.testng.SuiteRunner.runSequentially(SuiteRunner.java:354)
	at org.testng.SuiteRunner.privateRun(SuiteRunner.java:312)
	at org.testng.SuiteRunner.run(SuiteRunner.java:261)
	at org.testng.SuiteRunnerWorker.runSuite(SuiteRunnerWorker.java:52)
	at org.testng.SuiteRunnerWorker.run(SuiteRunnerWorker.java:86)
	at org.testng.TestNG.runSuitesSequentially(TestNG.java:1215)
	at org.testng.TestNG.runSuitesLocally(TestNG.java:1140)
	at org.testng.TestNG.run(TestNG.java:1048)
	at org.testng.remote.AbstractRemoteTestNG.run(AbstractRemoteTestNG.java:126)
	at org.testng.remote.RemoteTestNG.initAndRun(RemoteTestNG.java:137)
	at org.testng.remote.RemoteTestNG.main(RemoteTestNG.java:58)
</pre></div><a href='#' onClick='toggleBox("stack-trace2068083107", this, "Click to show all stack frames", "Click to hide stack frames")'>Click to show all stack frames</a>
<div class='stack-trace' id='stack-trace2068083107'><pre>java.lang.AssertionError: 1 expectation failed.
Expected status code &lt;200&gt; doesn&apos;t match actual status code &lt;404&gt;.

	at sun.reflect.NativeConstructorAccessorImpl.newInstance0(Native Method)
	at sun.reflect.NativeConstructorAccessorImpl.newInstance(NativeConstructorAccessorImpl.java:57)
	at sun.reflect.DelegatingConstructorAccessorImpl.newInstance(DelegatingConstructorAccessorImpl.java:45)
	at java.lang.reflect.Constructor.newInstance(Constructor.java:526)
	at org.codehaus.groovy.reflection.CachedConstructor.invoke(CachedConstructor.java:83)
	at org.codehaus.groovy.reflection.CachedConstructor.doConstructorInvoke(CachedConstructor.java:77)
	at org.codehaus.groovy.runtime.callsite.ConstructorSite$ConstructorSiteNoUnwrap.callConstructor(ConstructorSite.java:84)
	at org.codehaus.groovy.runtime.callsite.CallSiteArray.defaultCallConstructor(CallSiteArray.java:60)
	at org.codehaus.groovy.runtime.callsite.AbstractCallSite.callConstructor(AbstractCallSite.java:235)
	at org.codehaus.groovy.runtime.callsite.AbstractCallSite.callConstructor(AbstractCallSite.java:247)
	at com.jayway.restassured.internal.ResponseSpecificationImpl$HamcrestAssertionClosure.validate(ResponseSpecificationImpl.groovy:598)
	at com.jayway.restassured.internal.ResponseSpecificationImpl$HamcrestAssertionClosure$validate$1.call(Unknown Source)
	at com.jayway.restassured.internal.ResponseSpecificationImpl.validateResponseIfRequired(ResponseSpecificationImpl.groovy:760)
	at sun.reflect.NativeMethodAccessorImpl.invoke0(Native Method)
	at sun.reflect.NativeMethodAccessorImpl.invoke(NativeMethodAccessorImpl.java:57)
	at sun.reflect.DelegatingMethodAccessorImpl.invoke(DelegatingMethodAccessorImpl.java:43)
	at java.lang.reflect.Method.invoke(Method.java:606)
	at org.codehaus.groovy.runtime.callsite.PogoMetaMethodSite$PogoCachedMethodSiteNoUnwrapNoCoerce.invoke(PogoMetaMethodSite.java:210)
	at org.codehaus.groovy.runtime.callsite.PogoMetaMethodSite.callCurrent(PogoMetaMethodSite.java:59)
	at org.codehaus.groovy.runtime.callsite.AbstractCallSite.callCurrent(AbstractCallSite.java:166)
	at com.jayway.restassured.internal.ResponseSpecificationImpl.statusCode(ResponseSpecificationImpl.groovy:120)
	at com.jayway.restassured.specification.ResponseSpecification$statusCode$0.callCurrent(Unknown Source)
	at com.jayway.restassured.internal.ResponseSpecificationImpl.statusCode(ResponseSpecificationImpl.groovy:128)
	at com.jayway.restassured.internal.ValidatableResponseOptionsImpl.statusCode(ValidatableResponseOptionsImpl.java:117)
	at com.ibmwatson.devopsservices.swaggertestasset.TestNGTests.executeRestfulTest(TestNGTests.java:98)
	at sun.reflect.NativeMethodAccessorImpl.invoke0(Native Method)
	at sun.reflect.NativeMethodAccessorImpl.invoke(NativeMethodAccessorImpl.java:57)
	at sun.reflect.DelegatingMethodAccessorImpl.invoke(DelegatingMethodAccessorImpl.java:43)
	at java.lang.reflect.Method.invoke(Method.java:606)
	at org.testng.internal.MethodInvocationHelper.invokeMethod(MethodInvocationHelper.java:85)
	at org.testng.internal.Invoker.invokeMethod(Invoker.java:639)
	at org.testng.internal.Invoker.invokeTestMethod(Invoker.java:816)
	at org.testng.internal.Invoker.invokeTestMethods(Invoker.java:1124)
	at org.testng.internal.TestMethodWorker.invokeTestMethods(TestMethodWorker.java:125)
	at org.testng.internal.TestMethodWorker.run(TestMethodWorker.java:108)
	at org.testng.TestRunner.privateRun(TestRunner.java:774)
	at org.testng.TestRunner.run(TestRunner.java:624)
	at org.testng.SuiteRunner.runTest(SuiteRunner.java:359)
	at org.testng.SuiteRunner.runSequentially(SuiteRunner.java:354)
	at org.testng.SuiteRunner.privateRun(SuiteRunner.java:312)
	at org.testng.SuiteRunner.run(SuiteRunner.java:261)
	at org.testng.SuiteRunnerWorker.runSuite(SuiteRunnerWorker.java:52)
	at org.testng.SuiteRunnerWorker.run(SuiteRunnerWorker.java:86)
	at org.testng.TestNG.runSuitesSequentially(TestNG.java:1215)
	at org.testng.TestNG.runSuitesLocally(TestNG.java:1140)
	at org.testng.TestNG.run(TestNG.java:1048)
	at org.testng.remote.AbstractRemoteTestNG.run(AbstractRemoteTestNG.java:126)
	at org.testng.remote.RemoteTestNG.initAndRun(RemoteTestNG.java:137)
	at org.testng.remote.RemoteTestNG.main(RemoteTestNG.java:58)
</pre></div></td>
<td>0</td>
<td>com.ibmwatson.devopsservices.swaggertestasset.TestNGTests@1fa78298</td></tr>
</table><p>
<table width='100%' border='1' class='invocation-passed'>
<tr><td colspan='4' align='center'><b>PASSED TESTS</b></td></tr>
<tr><td><b>Test method</b></td>
<td width="30%"><b>Exception</b></td>
<td width="10%"><b>Time (seconds)</b></td>
<td><b>Instance</b></td>
</tr>
<tr>
<td title='com.ibmwatson.devopsservices.swaggertestasset.TestNGTests.executeRestfulTest()'><b>executeRestfulTest</b><br>Test class: com.ibmwatson.devopsservices.swaggertestasset.TestNGTests<br>Parameters: /user/logout,get, {response={default=io.swagger.models.Response@7cd3eb80}, definition={Order=io.swagger.models.ModelImpl@c8f1681a, Category=io.swagger.models.ModelImpl@b4ea1f0d, User=io.swagger.models.ModelImpl@88e01c0c, Tag=io.swagger.models.ModelImpl@f293478d, Pet=io.swagger.models.ModelImpl@c030db03, ApiResponse=io.swagger.models.ModelImpl@199a16f}, baseURI=http://petstore.swagger.io/v2}</td>
<td></td>
<td>1</td>
<td>com.ibmwatson.devopsservices.swaggertestasset.TestNGTests@1fa78298</td></tr>
<tr>
<td title='com.ibmwatson.devopsservices.swaggertestasset.TestNGTests.executeRestfulTest()'><b>executeRestfulTest</b><br>Test class: com.ibmwatson.devopsservices.swaggertestasset.TestNGTests<br>Parameters: /user/createWithArray,post, {response={default=io.swagger.models.Response@7cd3eb80}, definition={Order=io.swagger.models.ModelImpl@c8f1681a, Category=io.swagger.models.ModelImpl@b4ea1f0d, User=io.swagger.models.ModelImpl@88e01c0c, Tag=io.swagger.models.ModelImpl@f293478d, Pet=io.swagger.models.ModelImpl@c030db03, ApiResponse=io.swagger.models.ModelImpl@199a16f}, baseURI=http://petstore.swagger.io/v2}</td>
<td></td>
<td>0</td>
<td>com.ibmwatson.devopsservices.swaggertestasset.TestNGTests@1fa78298</td></tr>
<tr>
<td title='com.ibmwatson.devopsservices.swaggertestasset.TestNGTests.executeRestfulTest()'><b>executeRestfulTest</b><br>Test class: com.ibmwatson.devopsservices.swaggertestasset.TestNGTests<br>Parameters: /pet/findByTags,get, {response={200=io.swagger.models.Response@7b8f0286, 400=io.swagger.models.Response@8bae2e01}, definition={Order=io.swagger.models.ModelImpl@c8f1681a, Category=io.swagger.models.ModelImpl@b4ea1f0d, User=io.swagger.models.ModelImpl@88e01c0c, Tag=io.swagger.models.ModelImpl@f293478d, Pet=io.swagger.models.ModelImpl@c030db03, ApiResponse=io.swagger.models.ModelImpl@199a16f}, baseURI=http://petstore.swagger.io/v2}</td>
<td></td>
<td>0</td>
<td>com.ibmwatson.devopsservices.swaggertestasset.TestNGTests@1fa78298</td></tr>
<tr>
<td title='com.ibmwatson.devopsservices.swaggertestasset.TestNGTests.executeRestfulTest()'><b>executeRestfulTest</b><br>Test class: com.ibmwatson.devopsservices.swaggertestasset.TestNGTests<br>Parameters: /pet/{petId},get, {response={200=io.swagger.models.Response@c7c8490b, 400=io.swagger.models.Response@87f925f9, 404=io.swagger.models.Response@7f4c4b3}, definition={Order=io.swagger.models.ModelImpl@c8f1681a, Category=io.swagger.models.ModelImpl@b4ea1f0d, User=io.swagger.models.ModelImpl@88e01c0c, Tag=io.swagger.models.ModelImpl@f293478d, Pet=io.swagger.models.ModelImpl@c030db03, ApiResponse=io.swagger.models.ModelImpl@199a16f}, baseURI=http://petstore.swagger.io/v2}</td>
<td></td>
<td>0</td>
<td>com.ibmwatson.devopsservices.swaggertestasset.TestNGTests@1fa78298</td></tr>
<tr>
<td title='com.ibmwatson.devopsservices.swaggertestasset.TestNGTests.executeRestfulTest()'><b>executeRestfulTest</b><br>Test class: com.ibmwatson.devopsservices.swaggertestasset.TestNGTests<br>Parameters: /pet/{petId},delete, {response={400=io.swagger.models.Response@87f925f9, 404=io.swagger.models.Response@7f4c4b3}, definition={Order=io.swagger.models.ModelImpl@c8f1681a, Category=io.swagger.models.ModelImpl@b4ea1f0d, User=io.swagger.models.ModelImpl@88e01c0c, Tag=io.swagger.models.ModelImpl@f293478d, Pet=io.swagger.models.ModelImpl@c030db03, ApiResponse=io.swagger.models.ModelImpl@199a16f}, baseURI=http://petstore.swagger.io/v2}</td>
<td></td>
<td>0</td>
<td>com.ibmwatson.devopsservices.swaggertestasset.TestNGTests@1fa78298</td></tr>
<tr>
<td title='com.ibmwatson.devopsservices.swaggertestasset.TestNGTests.executeRestfulTest()'><b>executeRestfulTest</b><br>Test class: com.ibmwatson.devopsservices.swaggertestasset.TestNGTests<br>Parameters: /pet/{petId},post, {response={405=io.swagger.models.Response@ce3cc860}, definition={Order=io.swagger.models.ModelImpl@c8f1681a, Category=io.swagger.models.ModelImpl@b4ea1f0d, User=io.swagger.models.ModelImpl@88e01c0c, Tag=io.swagger.models.ModelImpl@f293478d, Pet=io.swagger.models.ModelImpl@c030db03, ApiResponse=io.swagger.models.ModelImpl@199a16f}, baseURI=http://petstore.swagger.io/v2}</td>
<td></td>
<td>0</td>
<td>com.ibmwatson.devopsservices.swaggertestasset.TestNGTests@1fa78298</td></tr>
<tr>
<td title='com.ibmwatson.devopsservices.swaggertestasset.TestNGTests.executeRestfulTest()'><b>executeRestfulTest</b><br>Test class: com.ibmwatson.devopsservices.swaggertestasset.TestNGTests<br>Parameters: /store/order,post, {response={200=io.swagger.models.Response@4b19703c, 400=io.swagger.models.Response@c899b5c4}, definition={Order=io.swagger.models.ModelImpl@c8f1681a, Category=io.swagger.models.ModelImpl@b4ea1f0d, User=io.swagger.models.ModelImpl@88e01c0c, Tag=io.swagger.models.ModelImpl@f293478d, Pet=io.swagger.models.ModelImpl@c030db03, ApiResponse=io.swagger.models.ModelImpl@199a16f}, baseURI=http://petstore.swagger.io/v2}</td>
<td></td>
<td>0</td>
<td>com.ibmwatson.devopsservices.swaggertestasset.TestNGTests@1fa78298</td></tr>
<tr>
<td title='com.ibmwatson.devopsservices.swaggertestasset.TestNGTests.executeRestfulTest()'><b>executeRestfulTest</b><br>Test class: com.ibmwatson.devopsservices.swaggertestasset.TestNGTests<br>Parameters: /user/login,get, {response={200=io.swagger.models.Response@d8e751ba, 400=io.swagger.models.Response@503c17b2}, definition={Order=io.swagger.models.ModelImpl@c8f1681a, Category=io.swagger.models.ModelImpl@b4ea1f0d, User=io.swagger.models.ModelImpl@88e01c0c, Tag=io.swagger.models.ModelImpl@f293478d, Pet=io.swagger.models.ModelImpl@c030db03, ApiResponse=io.swagger.models.ModelImpl@199a16f}, baseURI=http://petstore.swagger.io/v2}</td>
<td></td>
<td>0</td>
<td>com.ibmwatson.devopsservices.swaggertestasset.TestNGTests@1fa78298</td></tr>
<tr>
<td title='com.ibmwatson.devopsservices.swaggertestasset.TestNGTests.executeRestfulTest()'><b>executeRestfulTest</b><br>Test class: com.ibmwatson.devopsservices.swaggertestasset.TestNGTests<br>Parameters: /user/createWithList,post, {response={default=io.swagger.models.Response@7cd3eb80}, definition={Order=io.swagger.models.ModelImpl@c8f1681a, Category=io.swagger.models.ModelImpl@b4ea1f0d, User=io.swagger.models.ModelImpl@88e01c0c, Tag=io.swagger.models.ModelImpl@f293478d, Pet=io.swagger.models.ModelImpl@c030db03, ApiResponse=io.swagger.models.ModelImpl@199a16f}, baseURI=http://petstore.swagger.io/v2}</td>
<td></td>
<td>0</td>
<td>com.ibmwatson.devopsservices.swaggertestasset.TestNGTests@1fa78298</td></tr>
<tr>
<td title='com.ibmwatson.devopsservices.swaggertestasset.TestNGTests.executeRestfulTest()'><b>executeRestfulTest</b><br>Test class: com.ibmwatson.devopsservices.swaggertestasset.TestNGTests<br>Parameters: /pet/{petId}/uploadImage,post, {response={200=io.swagger.models.Response@44c18dcb}, definition={Order=io.swagger.models.ModelImpl@c8f1681a, Category=io.swagger.models.ModelImpl@b4ea1f0d, User=io.swagger.models.ModelImpl@88e01c0c, Tag=io.swagger.models.ModelImpl@f293478d, Pet=io.swagger.models.ModelImpl@c030db03, ApiResponse=io.swagger.models.ModelImpl@199a16f}, baseURI=http://petstore.swagger.io/v2}</td>
<td></td>
<td>0</td>
<td>com.ibmwatson.devopsservices.swaggertestasset.TestNGTests@1fa78298</td></tr>
<tr>
<td title='com.ibmwatson.devopsservices.swaggertestasset.TestNGTests.executeRestfulTest()'><b>executeRestfulTest</b><br>Test class: com.ibmwatson.devopsservices.swaggertestasset.TestNGTests<br>Parameters: /user/{username},delete, {response={400=io.swagger.models.Response@932768de, 404=io.swagger.models.Response@9fe75e9f}, definition={Order=io.swagger.models.ModelImpl@c8f1681a, Category=io.swagger.models.ModelImpl@b4ea1f0d, User=io.swagger.models.ModelImpl@88e01c0c, Tag=io.swagger.models.ModelImpl@f293478d, Pet=io.swagger.models.ModelImpl@c030db03, ApiResponse=io.swagger.models.ModelImpl@199a16f}, baseURI=http://petstore.swagger.io/v2}</td>
<td></td>
<td>0</td>
<td>com.ibmwatson.devopsservices.swaggertestasset.TestNGTests@1fa78298</td></tr>
<tr>
<td title='com.ibmwatson.devopsservices.swaggertestasset.TestNGTests.executeRestfulTest()'><b>executeRestfulTest</b><br>Test class: com.ibmwatson.devopsservices.swaggertestasset.TestNGTests<br>Parameters: /pet,put, {response={400=io.swagger.models.Response@87f925f9, 404=io.swagger.models.Response@7f4c4b3, 405=io.swagger.models.Response@f93bc227}, definition={Order=io.swagger.models.ModelImpl@c8f1681a, Category=io.swagger.models.ModelImpl@b4ea1f0d, User=io.swagger.models.ModelImpl@88e01c0c, Tag=io.swagger.models.ModelImpl@f293478d, Pet=io.swagger.models.ModelImpl@c030db03, ApiResponse=io.swagger.models.ModelImpl@199a16f}, baseURI=http://petstore.swagger.io/v2}</td>
<td></td>
<td>0</td>
<td>com.ibmwatson.devopsservices.swaggertestasset.TestNGTests@1fa78298</td></tr>
<tr>
<td title='com.ibmwatson.devopsservices.swaggertestasset.TestNGTests.executeRestfulTest()'><b>executeRestfulTest</b><br>Test class: com.ibmwatson.devopsservices.swaggertestasset.TestNGTests<br>Parameters: /store/inventory,get, {response={200=io.swagger.models.Response@2503e437}, definition={Order=io.swagger.models.ModelImpl@c8f1681a, Category=io.swagger.models.ModelImpl@b4ea1f0d, User=io.swagger.models.ModelImpl@88e01c0c, Tag=io.swagger.models.ModelImpl@f293478d, Pet=io.swagger.models.ModelImpl@c030db03, ApiResponse=io.swagger.models.ModelImpl@199a16f}, baseURI=http://petstore.swagger.io/v2}</td>
<td></td>
<td>0</td>
<td>com.ibmwatson.devopsservices.swaggertestasset.TestNGTests@1fa78298</td></tr>
<tr>
<td title='com.ibmwatson.devopsservices.swaggertestasset.TestNGTests.executeRestfulTest()'><b>executeRestfulTest</b><br>Test class: com.ibmwatson.devopsservices.swaggertestasset.TestNGTests<br>Parameters: /store/order/{orderId},get, {response={200=io.swagger.models.Response@4b19703c, 400=io.swagger.models.Response@87f925f9, 404=io.swagger.models.Response@a20e24a2}, definition={Order=io.swagger.models.ModelImpl@c8f1681a, Category=io.swagger.models.ModelImpl@b4ea1f0d, User=io.swagger.models.ModelImpl@88e01c0c, Tag=io.swagger.models.ModelImpl@f293478d, Pet=io.swagger.models.ModelImpl@c030db03, ApiResponse=io.swagger.models.ModelImpl@199a16f}, baseURI=http://petstore.swagger.io/v2}</td>
<td></td>
<td>0</td>
<td>com.ibmwatson.devopsservices.swaggertestasset.TestNGTests@1fa78298</td></tr>
<tr>
<td title='com.ibmwatson.devopsservices.swaggertestasset.TestNGTests.executeRestfulTest()'><b>executeRestfulTest</b><br>Test class: com.ibmwatson.devopsservices.swaggertestasset.TestNGTests<br>Parameters: /store/order/{orderId},delete, {response={400=io.swagger.models.Response@87f925f9, 404=io.swagger.models.Response@a20e24a2}, definition={Order=io.swagger.models.ModelImpl@c8f1681a, Category=io.swagger.models.ModelImpl@b4ea1f0d, User=io.swagger.models.ModelImpl@88e01c0c, Tag=io.swagger.models.ModelImpl@f293478d, Pet=io.swagger.models.ModelImpl@c030db03, ApiResponse=io.swagger.models.ModelImpl@199a16f}, baseURI=http://petstore.swagger.io/v2}</td>
<td></td>
<td>0</td>
<td>com.ibmwatson.devopsservices.swaggertestasset.TestNGTests@1fa78298</td></tr>
<tr>
<td title='com.ibmwatson.devopsservices.swaggertestasset.TestNGTests.executeRestfulTest()'><b>executeRestfulTest</b><br>Test class: com.ibmwatson.devopsservices.swaggertestasset.TestNGTests<br>Parameters: /user,post, {response={default=io.swagger.models.Response@7cd3eb80}, definition={Order=io.swagger.models.ModelImpl@c8f1681a, Category=io.swagger.models.ModelImpl@b4ea1f0d, User=io.swagger.models.ModelImpl@88e01c0c, Tag=io.swagger.models.ModelImpl@f293478d, Pet=io.swagger.models.ModelImpl@c030db03, ApiResponse=io.swagger.models.ModelImpl@199a16f}, baseURI=http://petstore.swagger.io/v2}</td>
<td></td>
<td>0</td>
<td>com.ibmwatson.devopsservices.swaggertestasset.TestNGTests@1fa78298</td></tr>
<tr>
<td title='com.ibmwatson.devopsservices.swaggertestasset.TestNGTests.executeRestfulTest()'><b>executeRestfulTest</b><br>Test class: com.ibmwatson.devopsservices.swaggertestasset.TestNGTests<br>Parameters: /user/{username},put, {response={400=io.swagger.models.Response@e3ed0f89, 404=io.swagger.models.Response@9fe75e9f}, definition={Order=io.swagger.models.ModelImpl@c8f1681a, Category=io.swagger.models.ModelImpl@b4ea1f0d, User=io.swagger.models.ModelImpl@88e01c0c, Tag=io.swagger.models.ModelImpl@f293478d, Pet=io.swagger.models.ModelImpl@c030db03, ApiResponse=io.swagger.models.ModelImpl@199a16f}, baseURI=http://petstore.swagger.io/v2}</td>
<td></td>
<td>0</td>
<td>com.ibmwatson.devopsservices.swaggertestasset.TestNGTests@1fa78298</td></tr>
<tr>
<td title='com.ibmwatson.devopsservices.swaggertestasset.TestNGTests.executeRestfulTest()'><b>executeRestfulTest</b><br>Test class: com.ibmwatson.devopsservices.swaggertestasset.TestNGTests<br>Parameters: /pet/findByStatus,get, {response={200=io.swagger.models.Response@7b8f0286, 400=io.swagger.models.Response@ef1ab60b}, definition={Order=io.swagger.models.ModelImpl@c8f1681a, Category=io.swagger.models.ModelImpl@b4ea1f0d, User=io.swagger.models.ModelImpl@88e01c0c, Tag=io.swagger.models.ModelImpl@f293478d, Pet=io.swagger.models.ModelImpl@c030db03, ApiResponse=io.swagger.models.ModelImpl@199a16f}, baseURI=http://petstore.swagger.io/v2}</td>
<td></td>
<td>0</td>
<td>com.ibmwatson.devopsservices.swaggertestasset.TestNGTests@1fa78298</td></tr>
<tr>
<td title='com.ibmwatson.devopsservices.swaggertestasset.TestNGTests.executeRestfulTest()'><b>executeRestfulTest</b><br>Test class: com.ibmwatson.devopsservices.swaggertestasset.TestNGTests<br>Parameters: /pet,post, {response={405=io.swagger.models.Response@ce3cc860}, definition={Order=io.swagger.models.ModelImpl@c8f1681a, Category=io.swagger.models.ModelImpl@b4ea1f0d, User=io.swagger.models.ModelImpl@88e01c0c, Tag=io.swagger.models.ModelImpl@f293478d, Pet=io.swagger.models.ModelImpl@c030db03, ApiResponse=io.swagger.models.ModelImpl@199a16f}, baseURI=http://petstore.swagger.io/v2}</td>
<td></td>
<td>0</td>
<td>com.ibmwatson.devopsservices.swaggertestasset.TestNGTests@1fa78298</td></tr>
</table><p>
</body>
</html>