<?xml version="1.0" encoding="UTF-8"?>
<!-- Generated by org.testng.reporters.JUnitXMLReporter -->
<testsuite hostname="Shreejits-MacBook-Pro.local" name="test1" tests="20" failures="1" timestamp="9 Jun 2016 15:12:23 GMT" time="2.583" errors="0">
  <testcase name="executeRestfulTest" time="1.065" classname="com.ibmwatson.devopsservices.swaggertestasset.TestNGTests"/>
  <testcase name="executeRestfulTest" time="0.235" classname="com.ibmwatson.devopsservices.swaggertestasset.TestNGTests"/>
  <testcase name="executeRestfulTest" time="0.0" classname="com.ibmwatson.devopsservices.swaggertestasset.TestNGTests"/>
  <testcase name="executeRestfulTest" time="0.0" classname="com.ibmwatson.devopsservices.swaggertestasset.TestNGTests"/>
  <testcase name="executeRestfulTest" time="0.0" classname="com.ibmwatson.devopsservices.swaggertestasset.TestNGTests"/>
  <testcase name="executeRestfulTest" time="0.19" classname="com.ibmwatson.devopsservices.swaggertestasset.TestNGTests"/>
  <testcase name="executeRestfulTest" time="0.001" classname="com.ibmwatson.devopsservices.swaggertestasset.TestNGTests"/>
  <testcase name="executeRestfulTest" time="0.078" classname="com.ibmwatson.devopsservices.swaggertestasset.TestNGTests"/>
  <testcase name="executeRestfulTest" time="0.0" classname="com.ibmwatson.devopsservices.swaggertestasset.TestNGTests"/>
  <testcase name="executeRestfulTest" time="0.0" classname="com.ibmwatson.devopsservices.swaggertestasset.TestNGTests"/>
  <testcase name="executeRestfulTest" time="0.0" classname="com.ibmwatson.devopsservices.swaggertestasset.TestNGTests"/>
  <testcase name="executeRestfulTest" time="0.165" classname="com.ibmwatson.devopsservices.swaggertestasset.TestNGTests"/>
  <testcase name="executeRestfulTest" time="0.081" classname="com.ibmwatson.devopsservices.swaggertestasset.TestNGTests"/>
  <testcase name="executeRestfulTest" time="0.0" classname="com.ibmwatson.devopsservices.swaggertestasset.TestNGTests"/>
  <testcase name="executeRestfulTest" time="0.0" classname="com.ibmwatson.devopsservices.swaggertestasset.TestNGTests"/>
  <testcase name="executeRestfulTest" time="0.001" classname="com.ibmwatson.devopsservices.swaggertestasset.TestNGTests"/>
  <testcase name="executeRestfulTest" time="0.115" classname="com.ibmwatson.devopsservices.swaggertestasset.TestNGTests"/>
  <testcase name="executeRestfulTest" time="0.0" classname="com.ibmwatson.devopsservices.swaggertestasset.TestNGTests"/>
  <testcase name="executeRestfulTest" time="0.091" classname="com.ibmwatson.devopsservices.swaggertestasset.TestNGTests">
    <failure type="java.lang.AssertionError" message="1 expectation failed.
Expected status code &amp;lt;200&amp;gt; doesn&amp;apos;t match actual status code &amp;lt;404&amp;gt;.
">
      <![CDATA[java.lang.AssertionError: 1 expectation failed.
Expected status code <200> doesn't match actual status code <404>.

	at org.codehaus.groovy.runtime.callsite.ConstructorSite$ConstructorSiteNoUnwrap.callConstructor(ConstructorSite.java:84)
	at org.codehaus.groovy.runtime.callsite.CallSiteArray.defaultCallConstructor(CallSiteArray.java:60)
	at org.codehaus.groovy.runtime.callsite.AbstractCallSite.callConstructor(AbstractCallSite.java:235)
	at org.codehaus.groovy.runtime.callsite.AbstractCallSite.callConstructor(AbstractCallSite.java:247)
	at com.jayway.restassured.internal.ResponseSpecificationImpl$HamcrestAssertionClosure.validate(ResponseSpecificationImpl.groovy:598)
	at com.jayway.restassured.internal.ResponseSpecificationImpl$HamcrestAssertionClosure$validate$1.call(Unknown Source)
	at com.jayway.restassured.internal.ResponseSpecificationImpl.validateResponseIfRequired(ResponseSpecificationImpl.groovy:760)
	at org.codehaus.groovy.runtime.callsite.PogoMetaMethodSite$PogoCachedMethodSiteNoUnwrapNoCoerce.invoke(PogoMetaMethodSite.java:210)
	at org.codehaus.groovy.runtime.callsite.PogoMetaMethodSite.callCurrent(PogoMetaMethodSite.java:59)
	at org.codehaus.groovy.runtime.callsite.AbstractCallSite.callCurrent(AbstractCallSite.java:166)
	at com.jayway.restassured.internal.ResponseSpecificationImpl.statusCode(ResponseSpecificationImpl.groovy:120)
	at com.jayway.restassured.specification.ResponseSpecification$statusCode$0.callCurrent(Unknown Source)
	at com.jayway.restassured.internal.ResponseSpecificationImpl.statusCode(ResponseSpecificationImpl.groovy:128)
	at com.jayway.restassured.internal.ValidatableResponseOptionsImpl.statusCode(ValidatableResponseOptionsImpl.java:117)
	at com.ibmwatson.devopsservices.swaggertestasset.TestNGTests.executeRestfulTest(TestNGTests.java:98)
	at com.ibmwatson.devopsservices.swaggertestasset.SwaggerCommandLine.main(SwaggerCommandLine.java:27)
... Removed 30 stack frames]]>
    </failure>
  </testcase> <!-- executeRestfulTest -->
  <testcase name="executeRestfulTest" time="0.0" classname="com.ibmwatson.devopsservices.swaggertestasset.TestNGTests"/>
</testsuite> <!-- test1 -->
