<?xml version="1.0" encoding="UTF-8"?>
<!-- Generated by org.testng.reporters.JUnitXMLReporter -->
<testsuite hostname="shreejits-mbp.cambridge.ibm.com" name="Restful Services Tests" tests="20" failures="2" timestamp="11 Jun 2016 22:24:46 GMT" time="2.434" errors="0">
  <testcase name="executeRestfulTest" time="1.038" classname="com.ibmwatson.devopsservices.swaggertestasset.TestNGTests"/>
  <testcase name="executeRestfulTest" time="0.0" classname="com.ibmwatson.devopsservices.swaggertestasset.TestNGTests"/>
  <testcase name="executeRestfulTest" time="0.001" classname="com.ibmwatson.devopsservices.swaggertestasset.TestNGTests"/>
  <testcase name="executeRestfulTest" time="0.0" classname="com.ibmwatson.devopsservices.swaggertestasset.TestNGTests"/>
  <testcase name="executeRestfulTest" time="0.0" classname="com.ibmwatson.devopsservices.swaggertestasset.TestNGTests"/>
  <testcase name="executeRestfulTest" time="0.0" classname="com.ibmwatson.devopsservices.swaggertestasset.TestNGTests"/>
  <testcase name="executeRestfulTest" time="0.065" classname="com.ibmwatson.devopsservices.swaggertestasset.TestNGTests"/>
  <testcase name="executeRestfulTest" time="0.0" classname="com.ibmwatson.devopsservices.swaggertestasset.TestNGTests"/>
  <testcase name="executeRestfulTest" time="0.06" classname="com.ibmwatson.devopsservices.swaggertestasset.TestNGTests"/>
  <testcase name="executeRestfulTest" time="0.0" classname="com.ibmwatson.devopsservices.swaggertestasset.TestNGTests"/>
  <testcase name="executeRestfulTest" time="0.067" classname="com.ibmwatson.devopsservices.swaggertestasset.TestNGTests">
    <failure type="java.lang.AssertionError" message="1 expectation failed.
Expected status code &amp;lt;200&amp;gt; doesn&amp;apos;t match actual status code &amp;lt;404&amp;gt;.
">
      <![CDATA[java.lang.AssertionError: 1 expectation failed.
Expected status code <200> doesn't match actual status code <404>.

	at org.codehaus.groovy.runtime.callsite.ConstructorSite$ConstructorSiteNoUnwrap.callConstructor(ConstructorSite.java:84)
	at org.codehaus.groovy.runtime.callsite.CallSiteArray.defaultCallConstructor(CallSiteArray.java:60)
	at org.codehaus.groovy.runtime.callsite.AbstractCallSite.callConstructor(AbstractCallSite.java:235)
	at org.codehaus.groovy.runtime.callsite.AbstractCallSite.callConstructor(AbstractCallSite.java:247)
	at com.jayway.restassured.internal.ResponseSpecificationImpl$HamcrestAssertionClosure.validate(ResponseSpecificationImpl.groovy:598)
	at com.jayway.restassured.internal.ResponseSpecificationImpl$HamcrestAssertionClosure$validate$1.call(Unknown Source)
	at com.jayway.restassured.internal.ResponseSpecificationImpl.validateResponseIfRequired(ResponseSpecificationImpl.groovy:760)
	at org.codehaus.groovy.runtime.callsite.PogoMetaMethodSite$PogoCachedMethodSiteNoUnwrapNoCoerce.invoke(PogoMetaMethodSite.java:210)
	at org.codehaus.groovy.runtime.callsite.PogoMetaMethodSite.callCurrent(PogoMetaMethodSite.java:59)
	at org.codehaus.groovy.runtime.callsite.AbstractCallSite.callCurrent(AbstractCallSite.java:166)
	at com.jayway.restassured.internal.ResponseSpecificationImpl.statusCode(ResponseSpecificationImpl.groovy:120)
	at com.jayway.restassured.specification.ResponseSpecification$statusCode$0.callCurrent(Unknown Source)
	at com.jayway.restassured.internal.ResponseSpecificationImpl.statusCode(ResponseSpecificationImpl.groovy:128)
	at com.jayway.restassured.internal.ValidatableResponseOptionsImpl.statusCode(ValidatableResponseOptionsImpl.java:117)
	at com.ibmwatson.devopsservices.swaggertestasset.TestNGTests.executeRestfulTest(TestNGTests.java:98)
	at com.ibmwatson.devopsservices.swaggertestasset.SwaggerCommandLine.main(SwaggerCommandLine.java:38)
... Removed 31 stack frames]]>
    </failure>
  </testcase> <!-- executeRestfulTest -->
  <testcase name="executeRestfulTest" time="0.07" classname="com.ibmwatson.devopsservices.swaggertestasset.TestNGTests"/>
  <testcase name="executeRestfulTest" time="0.0" classname="com.ibmwatson.devopsservices.swaggertestasset.TestNGTests"/>
  <testcase name="executeRestfulTest" time="0.065" classname="com.ibmwatson.devopsservices.swaggertestasset.TestNGTests">
    <failure type="java.lang.AssertionError" message="1 expectation failed.
Expected status code &amp;lt;200&amp;gt; doesn&amp;apos;t match actual status code &amp;lt;404&amp;gt;.
">
      <![CDATA[java.lang.AssertionError: 1 expectation failed.
Expected status code <200> doesn't match actual status code <404>.

	at org.codehaus.groovy.runtime.callsite.ConstructorSite$ConstructorSiteNoUnwrap.callConstructor(ConstructorSite.java:84)
	at org.codehaus.groovy.runtime.callsite.AbstractCallSite.callConstructor(AbstractCallSite.java:247)
	at com.jayway.restassured.internal.ResponseSpecificationImpl$HamcrestAssertionClosure.validate(ResponseSpecificationImpl.groovy:598)
	at com.jayway.restassured.internal.ResponseSpecificationImpl$HamcrestAssertionClosure$validate$1.call(Unknown Source)
	at com.jayway.restassured.internal.ResponseSpecificationImpl.validateResponseIfRequired(ResponseSpecificationImpl.groovy:760)
	at org.codehaus.groovy.runtime.callsite.PogoMetaMethodSite$PogoCachedMethodSiteNoUnwrapNoCoerce.invoke(PogoMetaMethodSite.java:210)
	at org.codehaus.groovy.runtime.callsite.PogoMetaMethodSite.callCurrent(PogoMetaMethodSite.java:59)
	at org.codehaus.groovy.runtime.callsite.AbstractCallSite.callCurrent(AbstractCallSite.java:166)
	at com.jayway.restassured.internal.ResponseSpecificationImpl.statusCode(ResponseSpecificationImpl.groovy:120)
	at com.jayway.restassured.specification.ResponseSpecification$statusCode$0.callCurrent(Unknown Source)
	at com.jayway.restassured.internal.ResponseSpecificationImpl.statusCode(ResponseSpecificationImpl.groovy:128)
	at com.jayway.restassured.internal.ValidatableResponseOptionsImpl.statusCode(ValidatableResponseOptionsImpl.java:117)
	at com.ibmwatson.devopsservices.swaggertestasset.TestNGTests.executeRestfulTest(TestNGTests.java:98)
	at com.ibmwatson.devopsservices.swaggertestasset.SwaggerCommandLine.main(SwaggerCommandLine.java:38)
... Removed 31 stack frames]]>
    </failure>
  </testcase> <!-- executeRestfulTest -->
  <testcase name="executeRestfulTest" time="0.001" classname="com.ibmwatson.devopsservices.swaggertestasset.TestNGTests"/>
  <testcase name="executeRestfulTest" time="0.053" classname="com.ibmwatson.devopsservices.swaggertestasset.TestNGTests"/>
  <testcase name="executeRestfulTest" time="0.0" classname="com.ibmwatson.devopsservices.swaggertestasset.TestNGTests"/>
  <testcase name="executeRestfulTest" time="0.0" classname="com.ibmwatson.devopsservices.swaggertestasset.TestNGTests"/>
  <testcase name="executeRestfulTest" time="0.0" classname="com.ibmwatson.devopsservices.swaggertestasset.TestNGTests"/>
  <testcase name="executeRestfulTest" time="0.059" classname="com.ibmwatson.devopsservices.swaggertestasset.TestNGTests"/>
</testsuite> <!-- Restful Services Tests -->
