<?xml version="1.0" encoding="UTF-8"?>
<testng-results skipped="0" failed="2" total="20" passed="18">
  <reporter-output>
  </reporter-output>
  <suite name="RestfulServicesTestSuite" duration-ms="2434" started-at="2016-06-11T22:24:43Z" finished-at="2016-06-11T22:24:46Z">
    <groups>
    </groups>
    <test name="Restful Services Tests" duration-ms="2434" started-at="2016-06-11T22:24:43Z" finished-at="2016-06-11T22:24:46Z">
      <class name="com.ibmwatson.devopsservices.swaggertestasset.TestNGTests">
        <test-method status="PASS" signature="executeRestfulTest(java.lang.String, java.lang.Object)[pri:0, instance:com.ibmwatson.devopsservices.swaggertestasset.TestNGTests@54a8c871]" name="executeRestfulTest" duration-ms="1038" started-at="2016-06-11T18:24:44Z" data-provider="dbconfig" finished-at="2016-06-11T18:24:45Z">
          <params>
            <param index="0">
              <value>
                <![CDATA[/user/login,get]]>
              </value>
            </param>
            <param index="1">
              <value>
                <![CDATA[{response={200=io.swagger.models.Response@d8e751ba, 400=io.swagger.models.Response@503c17b2}, definition={Order=io.swagger.models.ModelImpl@c8f1681a, Category=io.swagger.models.ModelImpl@b4ea1f0d, User=io.swagger.models.ModelImpl@88e01c0c, Tag=io.swagger.models.ModelImpl@f293478d, Pet=io.swagger.models.ModelImpl@c030db03, ApiResponse=io.swagger.models.ModelImpl@199a16f}, baseURI=http://petstore.swagger.io/v2}]]>
              </value>
            </param>
          </params>
          <reporter-output>
          </reporter-output>
        </test-method> <!-- executeRestfulTest -->
        <test-method status="PASS" signature="executeRestfulTest(java.lang.String, java.lang.Object)[pri:0, instance:com.ibmwatson.devopsservices.swaggertestasset.TestNGTests@54a8c871]" name="executeRestfulTest" duration-ms="0" started-at="2016-06-11T18:24:45Z" data-provider="dbconfig" finished-at="2016-06-11T18:24:45Z">
          <params>
            <param index="0">
              <value>
                <![CDATA[/user/{username},delete]]>
              </value>
            </param>
            <param index="1">
              <value>
                <![CDATA[{response={400=io.swagger.models.Response@932768de, 404=io.swagger.models.Response@9fe75e9f}, definition={Order=io.swagger.models.ModelImpl@c8f1681a, Category=io.swagger.models.ModelImpl@b4ea1f0d, User=io.swagger.models.ModelImpl@88e01c0c, Tag=io.swagger.models.ModelImpl@f293478d, Pet=io.swagger.models.ModelImpl@c030db03, ApiResponse=io.swagger.models.ModelImpl@199a16f}, baseURI=http://petstore.swagger.io/v2}]]>
              </value>
            </param>
          </params>
          <reporter-output>
          </reporter-output>
        </test-method> <!-- executeRestfulTest -->
        <test-method status="PASS" signature="executeRestfulTest(java.lang.String, java.lang.Object)[pri:0, instance:com.ibmwatson.devopsservices.swaggertestasset.TestNGTests@54a8c871]" name="executeRestfulTest" duration-ms="1" started-at="2016-06-11T18:24:45Z" data-provider="dbconfig" finished-at="2016-06-11T18:24:45Z">
          <params>
            <param index="0">
              <value>
                <![CDATA[/pet,post]]>
              </value>
            </param>
            <param index="1">
              <value>
                <![CDATA[{response={405=io.swagger.models.Response@ce3cc860}, definition={Order=io.swagger.models.ModelImpl@c8f1681a, Category=io.swagger.models.ModelImpl@b4ea1f0d, User=io.swagger.models.ModelImpl@88e01c0c, Tag=io.swagger.models.ModelImpl@f293478d, Pet=io.swagger.models.ModelImpl@c030db03, ApiResponse=io.swagger.models.ModelImpl@199a16f}, baseURI=http://petstore.swagger.io/v2}]]>
              </value>
            </param>
          </params>
          <reporter-output>
          </reporter-output>
        </test-method> <!-- executeRestfulTest -->
        <test-method status="PASS" signature="executeRestfulTest(java.lang.String, java.lang.Object)[pri:0, instance:com.ibmwatson.devopsservices.swaggertestasset.TestNGTests@54a8c871]" name="executeRestfulTest" duration-ms="0" started-at="2016-06-11T18:24:45Z" data-provider="dbconfig" finished-at="2016-06-11T18:24:45Z">
          <params>
            <param index="0">
              <value>
                <![CDATA[/store/order/{orderId},delete]]>
              </value>
            </param>
            <param index="1">
              <value>
                <![CDATA[{response={400=io.swagger.models.Response@87f925f9, 404=io.swagger.models.Response@a20e24a2}, definition={Order=io.swagger.models.ModelImpl@c8f1681a, Category=io.swagger.models.ModelImpl@b4ea1f0d, User=io.swagger.models.ModelImpl@88e01c0c, Tag=io.swagger.models.ModelImpl@f293478d, Pet=io.swagger.models.ModelImpl@c030db03, ApiResponse=io.swagger.models.ModelImpl@199a16f}, baseURI=http://petstore.swagger.io/v2}]]>
              </value>
            </param>
          </params>
          <reporter-output>
          </reporter-output>
        </test-method> <!-- executeRestfulTest -->
        <test-method status="PASS" signature="executeRestfulTest(java.lang.String, java.lang.Object)[pri:0, instance:com.ibmwatson.devopsservices.swaggertestasset.TestNGTests@54a8c871]" name="executeRestfulTest" duration-ms="0" started-at="2016-06-11T18:24:45Z" data-provider="dbconfig" finished-at="2016-06-11T18:24:45Z">
          <params>
            <param index="0">
              <value>
                <![CDATA[/user,post]]>
              </value>
            </param>
            <param index="1">
              <value>
                <![CDATA[{response={default=io.swagger.models.Response@7cd3eb80}, definition={Order=io.swagger.models.ModelImpl@c8f1681a, Category=io.swagger.models.ModelImpl@b4ea1f0d, User=io.swagger.models.ModelImpl@88e01c0c, Tag=io.swagger.models.ModelImpl@f293478d, Pet=io.swagger.models.ModelImpl@c030db03, ApiResponse=io.swagger.models.ModelImpl@199a16f}, baseURI=http://petstore.swagger.io/v2}]]>
              </value>
            </param>
          </params>
          <reporter-output>
          </reporter-output>
        </test-method> <!-- executeRestfulTest -->
        <test-method status="PASS" signature="executeRestfulTest(java.lang.String, java.lang.Object)[pri:0, instance:com.ibmwatson.devopsservices.swaggertestasset.TestNGTests@54a8c871]" name="executeRestfulTest" duration-ms="0" started-at="2016-06-11T18:24:45Z" data-provider="dbconfig" finished-at="2016-06-11T18:24:45Z">
          <params>
            <param index="0">
              <value>
                <![CDATA[/pet/{petId},delete]]>
              </value>
            </param>
            <param index="1">
              <value>
                <![CDATA[{response={400=io.swagger.models.Response@87f925f9, 404=io.swagger.models.Response@7f4c4b3}, definition={Order=io.swagger.models.ModelImpl@c8f1681a, Category=io.swagger.models.ModelImpl@b4ea1f0d, User=io.swagger.models.ModelImpl@88e01c0c, Tag=io.swagger.models.ModelImpl@f293478d, Pet=io.swagger.models.ModelImpl@c030db03, ApiResponse=io.swagger.models.ModelImpl@199a16f}, baseURI=http://petstore.swagger.io/v2}]]>
              </value>
            </param>
          </params>
          <reporter-output>
          </reporter-output>
        </test-method> <!-- executeRestfulTest -->
        <test-method status="PASS" signature="executeRestfulTest(java.lang.String, java.lang.Object)[pri:0, instance:com.ibmwatson.devopsservices.swaggertestasset.TestNGTests@54a8c871]" name="executeRestfulTest" duration-ms="65" started-at="2016-06-11T18:24:45Z" data-provider="dbconfig" finished-at="2016-06-11T18:24:45Z">
          <params>
            <param index="0">
              <value>
                <![CDATA[/user/logout,get]]>
              </value>
            </param>
            <param index="1">
              <value>
                <![CDATA[{response={default=io.swagger.models.Response@7cd3eb80}, definition={Order=io.swagger.models.ModelImpl@c8f1681a, Category=io.swagger.models.ModelImpl@b4ea1f0d, User=io.swagger.models.ModelImpl@88e01c0c, Tag=io.swagger.models.ModelImpl@f293478d, Pet=io.swagger.models.ModelImpl@c030db03, ApiResponse=io.swagger.models.ModelImpl@199a16f}, baseURI=http://petstore.swagger.io/v2}]]>
              </value>
            </param>
          </params>
          <reporter-output>
          </reporter-output>
        </test-method> <!-- executeRestfulTest -->
        <test-method status="PASS" signature="executeRestfulTest(java.lang.String, java.lang.Object)[pri:0, instance:com.ibmwatson.devopsservices.swaggertestasset.TestNGTests@54a8c871]" name="executeRestfulTest" duration-ms="0" started-at="2016-06-11T18:24:45Z" data-provider="dbconfig" finished-at="2016-06-11T18:24:45Z">
          <params>
            <param index="0">
              <value>
                <![CDATA[/user/createWithList,post]]>
              </value>
            </param>
            <param index="1">
              <value>
                <![CDATA[{response={default=io.swagger.models.Response@7cd3eb80}, definition={Order=io.swagger.models.ModelImpl@c8f1681a, Category=io.swagger.models.ModelImpl@b4ea1f0d, User=io.swagger.models.ModelImpl@88e01c0c, Tag=io.swagger.models.ModelImpl@f293478d, Pet=io.swagger.models.ModelImpl@c030db03, ApiResponse=io.swagger.models.ModelImpl@199a16f}, baseURI=http://petstore.swagger.io/v2}]]>
              </value>
            </param>
          </params>
          <reporter-output>
          </reporter-output>
        </test-method> <!-- executeRestfulTest -->
        <test-method status="PASS" signature="executeRestfulTest(java.lang.String, java.lang.Object)[pri:0, instance:com.ibmwatson.devopsservices.swaggertestasset.TestNGTests@54a8c871]" name="executeRestfulTest" duration-ms="60" started-at="2016-06-11T18:24:45Z" data-provider="dbconfig" finished-at="2016-06-11T18:24:45Z">
          <params>
            <param index="0">
              <value>
                <![CDATA[/store/inventory,get]]>
              </value>
            </param>
            <param index="1">
              <value>
                <![CDATA[{response={200=io.swagger.models.Response@2503e437}, definition={Order=io.swagger.models.ModelImpl@c8f1681a, Category=io.swagger.models.ModelImpl@b4ea1f0d, User=io.swagger.models.ModelImpl@88e01c0c, Tag=io.swagger.models.ModelImpl@f293478d, Pet=io.swagger.models.ModelImpl@c030db03, ApiResponse=io.swagger.models.ModelImpl@199a16f}, baseURI=http://petstore.swagger.io/v2}]]>
              </value>
            </param>
          </params>
          <reporter-output>
          </reporter-output>
        </test-method> <!-- executeRestfulTest -->
        <test-method status="PASS" signature="executeRestfulTest(java.lang.String, java.lang.Object)[pri:0, instance:com.ibmwatson.devopsservices.swaggertestasset.TestNGTests@54a8c871]" name="executeRestfulTest" duration-ms="0" started-at="2016-06-11T18:24:45Z" data-provider="dbconfig" finished-at="2016-06-11T18:24:45Z">
          <params>
            <param index="0">
              <value>
                <![CDATA[/pet,put]]>
              </value>
            </param>
            <param index="1">
              <value>
                <![CDATA[{response={400=io.swagger.models.Response@87f925f9, 404=io.swagger.models.Response@7f4c4b3, 405=io.swagger.models.Response@f93bc227}, definition={Order=io.swagger.models.ModelImpl@c8f1681a, Category=io.swagger.models.ModelImpl@b4ea1f0d, User=io.swagger.models.ModelImpl@88e01c0c, Tag=io.swagger.models.ModelImpl@f293478d, Pet=io.swagger.models.ModelImpl@c030db03, ApiResponse=io.swagger.models.ModelImpl@199a16f}, baseURI=http://petstore.swagger.io/v2}]]>
              </value>
            </param>
          </params>
          <reporter-output>
          </reporter-output>
        </test-method> <!-- executeRestfulTest -->
        <test-method status="FAIL" signature="executeRestfulTest(java.lang.String, java.lang.Object)[pri:0, instance:com.ibmwatson.devopsservices.swaggertestasset.TestNGTests@54a8c871]" name="executeRestfulTest" duration-ms="67" started-at="2016-06-11T18:24:45Z" data-provider="dbconfig" finished-at="2016-06-11T18:24:45Z">
          <params>
            <param index="0">
              <value>
                <![CDATA[/pet/{petId},get]]>
              </value>
            </param>
            <param index="1">
              <value>
                <![CDATA[{response={200=io.swagger.models.Response@c7c8490b, 400=io.swagger.models.Response@87f925f9, 404=io.swagger.models.Response@7f4c4b3}, definition={Order=io.swagger.models.ModelImpl@c8f1681a, Category=io.swagger.models.ModelImpl@b4ea1f0d, User=io.swagger.models.ModelImpl@88e01c0c, Tag=io.swagger.models.ModelImpl@f293478d, Pet=io.swagger.models.ModelImpl@c030db03, ApiResponse=io.swagger.models.ModelImpl@199a16f}, baseURI=http://petstore.swagger.io/v2}]]>
              </value>
            </param>
          </params>
          <exception class="java.lang.AssertionError">
            <message>
              <![CDATA[1 expectation failed.
Expected status code <200> doesn't match actual status code <404>.
]]>
            </message>
            <full-stacktrace>
              <![CDATA[java.lang.AssertionError: 1 expectation failed.
Expected status code <200> doesn't match actual status code <404>.

	at sun.reflect.NativeConstructorAccessorImpl.newInstance0(Native Method)
	at sun.reflect.NativeConstructorAccessorImpl.newInstance(NativeConstructorAccessorImpl.java:57)
	at sun.reflect.DelegatingConstructorAccessorImpl.newInstance(DelegatingConstructorAccessorImpl.java:45)
	at java.lang.reflect.Constructor.newInstance(Constructor.java:526)
	at org.codehaus.groovy.reflection.CachedConstructor.invoke(CachedConstructor.java:83)
	at org.codehaus.groovy.reflection.CachedConstructor.doConstructorInvoke(CachedConstructor.java:77)
	at org.codehaus.groovy.runtime.callsite.ConstructorSite$ConstructorSiteNoUnwrap.callConstructor(ConstructorSite.java:84)
	at org.codehaus.groovy.runtime.callsite.CallSiteArray.defaultCallConstructor(CallSiteArray.java:60)
	at org.codehaus.groovy.runtime.callsite.AbstractCallSite.callConstructor(AbstractCallSite.java:235)
	at org.codehaus.groovy.runtime.callsite.AbstractCallSite.callConstructor(AbstractCallSite.java:247)
	at com.jayway.restassured.internal.ResponseSpecificationImpl$HamcrestAssertionClosure.validate(ResponseSpecificationImpl.groovy:598)
	at com.jayway.restassured.internal.ResponseSpecificationImpl$HamcrestAssertionClosure$validate$1.call(Unknown Source)
	at com.jayway.restassured.internal.ResponseSpecificationImpl.validateResponseIfRequired(ResponseSpecificationImpl.groovy:760)
	at sun.reflect.NativeMethodAccessorImpl.invoke0(Native Method)
	at sun.reflect.NativeMethodAccessorImpl.invoke(NativeMethodAccessorImpl.java:57)
	at sun.reflect.DelegatingMethodAccessorImpl.invoke(DelegatingMethodAccessorImpl.java:43)
	at java.lang.reflect.Method.invoke(Method.java:606)
	at org.codehaus.groovy.runtime.callsite.PogoMetaMethodSite$PogoCachedMethodSiteNoUnwrapNoCoerce.invoke(PogoMetaMethodSite.java:210)
	at org.codehaus.groovy.runtime.callsite.PogoMetaMethodSite.callCurrent(PogoMetaMethodSite.java:59)
	at org.codehaus.groovy.runtime.callsite.AbstractCallSite.callCurrent(AbstractCallSite.java:166)
	at com.jayway.restassured.internal.ResponseSpecificationImpl.statusCode(ResponseSpecificationImpl.groovy:120)
	at com.jayway.restassured.specification.ResponseSpecification$statusCode$0.callCurrent(Unknown Source)
	at com.jayway.restassured.internal.ResponseSpecificationImpl.statusCode(ResponseSpecificationImpl.groovy:128)
	at com.jayway.restassured.internal.ValidatableResponseOptionsImpl.statusCode(ValidatableResponseOptionsImpl.java:117)
	at com.ibmwatson.devopsservices.swaggertestasset.TestNGTests.executeRestfulTest(TestNGTests.java:98)
	at sun.reflect.NativeMethodAccessorImpl.invoke0(Native Method)
	at sun.reflect.NativeMethodAccessorImpl.invoke(NativeMethodAccessorImpl.java:57)
	at sun.reflect.DelegatingMethodAccessorImpl.invoke(DelegatingMethodAccessorImpl.java:43)
	at java.lang.reflect.Method.invoke(Method.java:606)
	at org.testng.internal.MethodInvocationHelper.invokeMethod(MethodInvocationHelper.java:86)
	at org.testng.internal.Invoker.invokeMethod(Invoker.java:643)
	at org.testng.internal.Invoker.invokeTestMethod(Invoker.java:820)
	at org.testng.internal.Invoker.invokeTestMethods(Invoker.java:1128)
	at org.testng.internal.TestMethodWorker.invokeTestMethods(TestMethodWorker.java:129)
	at org.testng.internal.TestMethodWorker.run(TestMethodWorker.java:112)
	at org.testng.TestRunner.privateRun(TestRunner.java:782)
	at org.testng.TestRunner.run(TestRunner.java:632)
	at org.testng.SuiteRunner.runTest(SuiteRunner.java:366)
	at org.testng.SuiteRunner.runSequentially(SuiteRunner.java:361)
	at org.testng.SuiteRunner.privateRun(SuiteRunner.java:319)
	at org.testng.SuiteRunner.run(SuiteRunner.java:268)
	at org.testng.SuiteRunnerWorker.runSuite(SuiteRunnerWorker.java:52)
	at org.testng.SuiteRunnerWorker.run(SuiteRunnerWorker.java:86)
	at org.testng.TestNG.runSuitesSequentially(TestNG.java:1244)
	at org.testng.TestNG.runSuitesLocally(TestNG.java:1169)
	at org.testng.TestNG.run(TestNG.java:1064)
	at com.ibmwatson.devopsservices.swaggertestasset.SwaggerCommandLine.main(SwaggerCommandLine.java:38)
]]>
            </full-stacktrace>
          </exception> <!-- java.lang.AssertionError -->
          <reporter-output>
          </reporter-output>
        </test-method> <!-- executeRestfulTest -->
        <test-method status="PASS" signature="executeRestfulTest(java.lang.String, java.lang.Object)[pri:0, instance:com.ibmwatson.devopsservices.swaggertestasset.TestNGTests@54a8c871]" name="executeRestfulTest" duration-ms="70" started-at="2016-06-11T18:24:45Z" data-provider="dbconfig" finished-at="2016-06-11T18:24:45Z">
          <params>
            <param index="0">
              <value>
                <![CDATA[/pet/findByTags,get]]>
              </value>
            </param>
            <param index="1">
              <value>
                <![CDATA[{response={200=io.swagger.models.Response@7b8f0286, 400=io.swagger.models.Response@8bae2e01}, definition={Order=io.swagger.models.ModelImpl@c8f1681a, Category=io.swagger.models.ModelImpl@b4ea1f0d, User=io.swagger.models.ModelImpl@88e01c0c, Tag=io.swagger.models.ModelImpl@f293478d, Pet=io.swagger.models.ModelImpl@c030db03, ApiResponse=io.swagger.models.ModelImpl@199a16f}, baseURI=http://petstore.swagger.io/v2}]]>
              </value>
            </param>
          </params>
          <reporter-output>
          </reporter-output>
        </test-method> <!-- executeRestfulTest -->
        <test-method status="PASS" signature="executeRestfulTest(java.lang.String, java.lang.Object)[pri:0, instance:com.ibmwatson.devopsservices.swaggertestasset.TestNGTests@54a8c871]" name="executeRestfulTest" duration-ms="0" started-at="2016-06-11T18:24:45Z" data-provider="dbconfig" finished-at="2016-06-11T18:24:45Z">
          <params>
            <param index="0">
              <value>
                <![CDATA[/pet/{petId}/uploadImage,post]]>
              </value>
            </param>
            <param index="1">
              <value>
                <![CDATA[{response={200=io.swagger.models.Response@44c18dcb}, definition={Order=io.swagger.models.ModelImpl@c8f1681a, Category=io.swagger.models.ModelImpl@b4ea1f0d, User=io.swagger.models.ModelImpl@88e01c0c, Tag=io.swagger.models.ModelImpl@f293478d, Pet=io.swagger.models.ModelImpl@c030db03, ApiResponse=io.swagger.models.ModelImpl@199a16f}, baseURI=http://petstore.swagger.io/v2}]]>
              </value>
            </param>
          </params>
          <reporter-output>
          </reporter-output>
        </test-method> <!-- executeRestfulTest -->
        <test-method status="FAIL" signature="executeRestfulTest(java.lang.String, java.lang.Object)[pri:0, instance:com.ibmwatson.devopsservices.swaggertestasset.TestNGTests@54a8c871]" name="executeRestfulTest" duration-ms="65" started-at="2016-06-11T18:24:45Z" data-provider="dbconfig" finished-at="2016-06-11T18:24:45Z">
          <params>
            <param index="0">
              <value>
                <![CDATA[/user/{username},get]]>
              </value>
            </param>
            <param index="1">
              <value>
                <![CDATA[{response={200=io.swagger.models.Response@32e0959f, 400=io.swagger.models.Response@932768de, 404=io.swagger.models.Response@9fe75e9f}, definition={Order=io.swagger.models.ModelImpl@c8f1681a, Category=io.swagger.models.ModelImpl@b4ea1f0d, User=io.swagger.models.ModelImpl@88e01c0c, Tag=io.swagger.models.ModelImpl@f293478d, Pet=io.swagger.models.ModelImpl@c030db03, ApiResponse=io.swagger.models.ModelImpl@199a16f}, baseURI=http://petstore.swagger.io/v2}]]>
              </value>
            </param>
          </params>
          <exception class="java.lang.AssertionError">
            <message>
              <![CDATA[1 expectation failed.
Expected status code <200> doesn't match actual status code <404>.
]]>
            </message>
            <full-stacktrace>
              <![CDATA[java.lang.AssertionError: 1 expectation failed.
Expected status code <200> doesn't match actual status code <404>.

	at sun.reflect.NativeConstructorAccessorImpl.newInstance0(Native Method)
	at sun.reflect.NativeConstructorAccessorImpl.newInstance(NativeConstructorAccessorImpl.java:57)
	at sun.reflect.DelegatingConstructorAccessorImpl.newInstance(DelegatingConstructorAccessorImpl.java:45)
	at java.lang.reflect.Constructor.newInstance(Constructor.java:526)
	at org.codehaus.groovy.reflection.CachedConstructor.invoke(CachedConstructor.java:83)
	at org.codehaus.groovy.reflection.CachedConstructor.doConstructorInvoke(CachedConstructor.java:77)
	at org.codehaus.groovy.runtime.callsite.ConstructorSite$ConstructorSiteNoUnwrap.callConstructor(ConstructorSite.java:84)
	at org.codehaus.groovy.runtime.callsite.AbstractCallSite.callConstructor(AbstractCallSite.java:247)
	at com.jayway.restassured.internal.ResponseSpecificationImpl$HamcrestAssertionClosure.validate(ResponseSpecificationImpl.groovy:598)
	at com.jayway.restassured.internal.ResponseSpecificationImpl$HamcrestAssertionClosure$validate$1.call(Unknown Source)
	at com.jayway.restassured.internal.ResponseSpecificationImpl.validateResponseIfRequired(ResponseSpecificationImpl.groovy:760)
	at sun.reflect.NativeMethodAccessorImpl.invoke0(Native Method)
	at sun.reflect.NativeMethodAccessorImpl.invoke(NativeMethodAccessorImpl.java:57)
	at sun.reflect.DelegatingMethodAccessorImpl.invoke(DelegatingMethodAccessorImpl.java:43)
	at java.lang.reflect.Method.invoke(Method.java:606)
	at org.codehaus.groovy.runtime.callsite.PogoMetaMethodSite$PogoCachedMethodSiteNoUnwrapNoCoerce.invoke(PogoMetaMethodSite.java:210)
	at org.codehaus.groovy.runtime.callsite.PogoMetaMethodSite.callCurrent(PogoMetaMethodSite.java:59)
	at org.codehaus.groovy.runtime.callsite.AbstractCallSite.callCurrent(AbstractCallSite.java:166)
	at com.jayway.restassured.internal.ResponseSpecificationImpl.statusCode(ResponseSpecificationImpl.groovy:120)
	at com.jayway.restassured.specification.ResponseSpecification$statusCode$0.callCurrent(Unknown Source)
	at com.jayway.restassured.internal.ResponseSpecificationImpl.statusCode(ResponseSpecificationImpl.groovy:128)
	at com.jayway.restassured.internal.ValidatableResponseOptionsImpl.statusCode(ValidatableResponseOptionsImpl.java:117)
	at com.ibmwatson.devopsservices.swaggertestasset.TestNGTests.executeRestfulTest(TestNGTests.java:98)
	at sun.reflect.NativeMethodAccessorImpl.invoke0(Native Method)
	at sun.reflect.NativeMethodAccessorImpl.invoke(NativeMethodAccessorImpl.java:57)
	at sun.reflect.DelegatingMethodAccessorImpl.invoke(DelegatingMethodAccessorImpl.java:43)
	at java.lang.reflect.Method.invoke(Method.java:606)
	at org.testng.internal.MethodInvocationHelper.invokeMethod(MethodInvocationHelper.java:86)
	at org.testng.internal.Invoker.invokeMethod(Invoker.java:643)
	at org.testng.internal.Invoker.invokeTestMethod(Invoker.java:820)
	at org.testng.internal.Invoker.invokeTestMethods(Invoker.java:1128)
	at org.testng.internal.TestMethodWorker.invokeTestMethods(TestMethodWorker.java:129)
	at org.testng.internal.TestMethodWorker.run(TestMethodWorker.java:112)
	at org.testng.TestRunner.privateRun(TestRunner.java:782)
	at org.testng.TestRunner.run(TestRunner.java:632)
	at org.testng.SuiteRunner.runTest(SuiteRunner.java:366)
	at org.testng.SuiteRunner.runSequentially(SuiteRunner.java:361)
	at org.testng.SuiteRunner.privateRun(SuiteRunner.java:319)
	at org.testng.SuiteRunner.run(SuiteRunner.java:268)
	at org.testng.SuiteRunnerWorker.runSuite(SuiteRunnerWorker.java:52)
	at org.testng.SuiteRunnerWorker.run(SuiteRunnerWorker.java:86)
	at org.testng.TestNG.runSuitesSequentially(TestNG.java:1244)
	at org.testng.TestNG.runSuitesLocally(TestNG.java:1169)
	at org.testng.TestNG.run(TestNG.java:1064)
	at com.ibmwatson.devopsservices.swaggertestasset.SwaggerCommandLine.main(SwaggerCommandLine.java:38)
]]>
            </full-stacktrace>
          </exception> <!-- java.lang.AssertionError -->
          <reporter-output>
          </reporter-output>
        </test-method> <!-- executeRestfulTest -->
        <test-method status="PASS" signature="executeRestfulTest(java.lang.String, java.lang.Object)[pri:0, instance:com.ibmwatson.devopsservices.swaggertestasset.TestNGTests@54a8c871]" name="executeRestfulTest" duration-ms="1" started-at="2016-06-11T18:24:45Z" data-provider="dbconfig" finished-at="2016-06-11T18:24:45Z">
          <params>
            <param index="0">
              <value>
                <![CDATA[/user/createWithArray,post]]>
              </value>
            </param>
            <param index="1">
              <value>
                <![CDATA[{response={default=io.swagger.models.Response@7cd3eb80}, definition={Order=io.swagger.models.ModelImpl@c8f1681a, Category=io.swagger.models.ModelImpl@b4ea1f0d, User=io.swagger.models.ModelImpl@88e01c0c, Tag=io.swagger.models.ModelImpl@f293478d, Pet=io.swagger.models.ModelImpl@c030db03, ApiResponse=io.swagger.models.ModelImpl@199a16f}, baseURI=http://petstore.swagger.io/v2}]]>
              </value>
            </param>
          </params>
          <reporter-output>
          </reporter-output>
        </test-method> <!-- executeRestfulTest -->
        <test-method status="PASS" signature="executeRestfulTest(java.lang.String, java.lang.Object)[pri:0, instance:com.ibmwatson.devopsservices.swaggertestasset.TestNGTests@54a8c871]" name="executeRestfulTest" duration-ms="53" started-at="2016-06-11T18:24:45Z" data-provider="dbconfig" finished-at="2016-06-11T18:24:45Z">
          <params>
            <param index="0">
              <value>
                <![CDATA[/pet/findByStatus,get]]>
              </value>
            </param>
            <param index="1">
              <value>
                <![CDATA[{response={200=io.swagger.models.Response@7b8f0286, 400=io.swagger.models.Response@ef1ab60b}, definition={Order=io.swagger.models.ModelImpl@c8f1681a, Category=io.swagger.models.ModelImpl@b4ea1f0d, User=io.swagger.models.ModelImpl@88e01c0c, Tag=io.swagger.models.ModelImpl@f293478d, Pet=io.swagger.models.ModelImpl@c030db03, ApiResponse=io.swagger.models.ModelImpl@199a16f}, baseURI=http://petstore.swagger.io/v2}]]>
              </value>
            </param>
          </params>
          <reporter-output>
          </reporter-output>
        </test-method> <!-- executeRestfulTest -->
        <test-method status="PASS" signature="executeRestfulTest(java.lang.String, java.lang.Object)[pri:0, instance:com.ibmwatson.devopsservices.swaggertestasset.TestNGTests@54a8c871]" name="executeRestfulTest" duration-ms="0" started-at="2016-06-11T18:24:45Z" data-provider="dbconfig" finished-at="2016-06-11T18:24:45Z">
          <params>
            <param index="0">
              <value>
                <![CDATA[/store/order,post]]>
              </value>
            </param>
            <param index="1">
              <value>
                <![CDATA[{response={200=io.swagger.models.Response@4b19703c, 400=io.swagger.models.Response@c899b5c4}, definition={Order=io.swagger.models.ModelImpl@c8f1681a, Category=io.swagger.models.ModelImpl@b4ea1f0d, User=io.swagger.models.ModelImpl@88e01c0c, Tag=io.swagger.models.ModelImpl@f293478d, Pet=io.swagger.models.ModelImpl@c030db03, ApiResponse=io.swagger.models.ModelImpl@199a16f}, baseURI=http://petstore.swagger.io/v2}]]>
              </value>
            </param>
          </params>
          <reporter-output>
          </reporter-output>
        </test-method> <!-- executeRestfulTest -->
        <test-method status="PASS" signature="executeRestfulTest(java.lang.String, java.lang.Object)[pri:0, instance:com.ibmwatson.devopsservices.swaggertestasset.TestNGTests@54a8c871]" name="executeRestfulTest" duration-ms="0" started-at="2016-06-11T18:24:45Z" data-provider="dbconfig" finished-at="2016-06-11T18:24:45Z">
          <params>
            <param index="0">
              <value>
                <![CDATA[/pet/{petId},post]]>
              </value>
            </param>
            <param index="1">
              <value>
                <![CDATA[{response={405=io.swagger.models.Response@ce3cc860}, definition={Order=io.swagger.models.ModelImpl@c8f1681a, Category=io.swagger.models.ModelImpl@b4ea1f0d, User=io.swagger.models.ModelImpl@88e01c0c, Tag=io.swagger.models.ModelImpl@f293478d, Pet=io.swagger.models.ModelImpl@c030db03, ApiResponse=io.swagger.models.ModelImpl@199a16f}, baseURI=http://petstore.swagger.io/v2}]]>
              </value>
            </param>
          </params>
          <reporter-output>
          </reporter-output>
        </test-method> <!-- executeRestfulTest -->
        <test-method status="PASS" signature="executeRestfulTest(java.lang.String, java.lang.Object)[pri:0, instance:com.ibmwatson.devopsservices.swaggertestasset.TestNGTests@54a8c871]" name="executeRestfulTest" duration-ms="59" started-at="2016-06-11T18:24:45Z" data-provider="dbconfig" finished-at="2016-06-11T18:24:46Z">
          <params>
            <param index="0">
              <value>
                <![CDATA[/store/order/{orderId},get]]>
              </value>
            </param>
            <param index="1">
              <value>
                <![CDATA[{response={200=io.swagger.models.Response@4b19703c, 400=io.swagger.models.Response@87f925f9, 404=io.swagger.models.Response@a20e24a2}, definition={Order=io.swagger.models.ModelImpl@c8f1681a, Category=io.swagger.models.ModelImpl@b4ea1f0d, User=io.swagger.models.ModelImpl@88e01c0c, Tag=io.swagger.models.ModelImpl@f293478d, Pet=io.swagger.models.ModelImpl@c030db03, ApiResponse=io.swagger.models.ModelImpl@199a16f}, baseURI=http://petstore.swagger.io/v2}]]>
              </value>
            </param>
          </params>
          <reporter-output>
          </reporter-output>
        </test-method> <!-- executeRestfulTest -->
        <test-method status="PASS" signature="executeRestfulTest(java.lang.String, java.lang.Object)[pri:0, instance:com.ibmwatson.devopsservices.swaggertestasset.TestNGTests@54a8c871]" name="executeRestfulTest" duration-ms="0" started-at="2016-06-11T18:24:45Z" data-provider="dbconfig" finished-at="2016-06-11T18:24:45Z">
          <params>
            <param index="0">
              <value>
                <![CDATA[/user/{username},put]]>
              </value>
            </param>
            <param index="1">
              <value>
                <![CDATA[{response={400=io.swagger.models.Response@e3ed0f89, 404=io.swagger.models.Response@9fe75e9f}, definition={Order=io.swagger.models.ModelImpl@c8f1681a, Category=io.swagger.models.ModelImpl@b4ea1f0d, User=io.swagger.models.ModelImpl@88e01c0c, Tag=io.swagger.models.ModelImpl@f293478d, Pet=io.swagger.models.ModelImpl@c030db03, ApiResponse=io.swagger.models.ModelImpl@199a16f}, baseURI=http://petstore.swagger.io/v2}]]>
              </value>
            </param>
          </params>
          <reporter-output>
          </reporter-output>
        </test-method> <!-- executeRestfulTest -->
      </class> <!-- com.ibmwatson.devopsservices.swaggertestasset.TestNGTests -->
    </test> <!-- Restful Services Tests -->
  </suite> <!-- RestfulServicesTestSuite -->
</testng-results>
